<?xml version="1.0" encoding="UTF-8"?>
<!-- Generated by org.testng.reporters.JUnitReportReporter -->
<testsuite hostname="LAPTOP" failures="0" tests="1" name="TrainTest" time="10.380" errors="0" timestamp="22 May 2024 20:02:01 GMT" skipped="0">
  <testcase classname="TrainTest" name="flight" time="10.380"/>
</testsuite> <!-- TrainTest -->
