<?xml version="1.0" encoding="UTF-8"?>
<!-- Generated by org.testng.reporters.JUnitReportReporter -->
<testsuite hostname="Anushka" failures="0" tests="1" name="com.mmt.test.TrainTest" time="14.895" errors="0" timestamp="28 May 2024 04:33:08 GMT" skipped="0">
  <testcase classname="com.mmt.test.TrainTest" name="train" time="14.895"/>
</testsuite> <!-- com.mmt.test.TrainTest -->
