<?xml version="1.0" encoding="UTF-8"?>
<!-- Generated by org.testng.reporters.JUnitReportReporter -->
<testsuite hostname="LAPTOP" failures="0" tests="1" name="FlightTest" time="29.350" errors="0" timestamp="22 May 2024 19:43:28 GMT" skipped="0">
  <testcase classname="FlightTest" name="flight" time="29.350"/>
</testsuite> <!-- FlightTest -->
