<?xml version="1.0" encoding="UTF-8"?>
<!-- Generated by org.testng.reporters.JUnitReportReporter -->
<testsuite hostname="LAPTOP" failures="0" tests="1" name="CabsTest" time="11.034" errors="0" timestamp="22 May 2024 20:09:26 GMT" skipped="0">
  <testcase classname="CabsTest" name="book" time="11.034"/>
</testsuite> <!-- CabsTest -->
