<?xml version="1.0" encoding="UTF-8"?>
<!-- Generated by org.testng.reporters.JUnitReportReporter -->
<testsuite hostname="Anushka" failures="0" tests="1" name="com.mmt.test.CabsTest" time="38.839" errors="0" timestamp="28 May 2024 04:24:57 GMT" skipped="0">
  <testcase classname="com.mmt.test.CabsTest" name="book" time="38.839"/>
</testsuite> <!-- com.mmt.test.CabsTest -->
