<?xml version="1.0" encoding="UTF-8"?>
<!-- Generated by org.testng.reporters.JUnitReportReporter -->
<testsuite hostname="Anushka" failures="0" tests="1" name="com.mmt.test.FlightTest" time="151.015" errors="0" timestamp="28 May 2024 04:28:15 GMT" skipped="0">
  <testcase classname="com.mmt.test.FlightTest" name="flight" time="151.015"/>
</testsuite> <!-- com.mmt.test.FlightTest -->
