<?xml version="1.0" encoding="UTF-8"?>
<!-- Generated by org.testng.reporters.JUnitReportReporter -->
<testsuite hostname="Anushka" failures="0" tests="1" name="com.mmt.test.BusTest" time="51.044" errors="0" timestamp="28 May 2024 04:34:52 GMT" skipped="0">
  <testcase classname="com.mmt.test.BusTest" name="book" time="51.044"/>
</testsuite> <!-- com.mmt.test.BusTest -->
